[0916/012436.104:ERROR:process_reader_win.cc(151)] SuspendThread: Access is denied. (0x5)
[0916/012436.111:ERROR:exception_snapshot_win.cc(99)] thread ID 12576 not found in process
[0916/012436.111:ERROR:scoped_process_suspend.cc(40)] NtResumeProcess: An attempt was made to access an exiting process. (0xc000010a)
[0919/021646.731:ERROR:process_reader_win.cc(123)] NtOpenThread: {Access Denied} A process has requested access to an object, but has not been granted those access rights. (0xc0000022)
[0919/021647.028:ERROR:exception_snapshot_win.cc(99)] thread ID 11480 not found in process
[0919/021647.028:ERROR:scoped_process_suspend.cc(40)] NtResumeProcess: An attempt was made to access an exiting process. (0xc000010a)
[0928/092202.547:ERROR:process_memory_win.cc(73)] ReadMemory at 0x19901520000 of 64 bytes failed: Only part of a ReadProcessMemory or WriteProcessMemory request was completed. (0x12B)
[0928/092202.575:WARNING:pe_image_reader.cc(340)] could not read dos header from C:\WINDOWS\System32\IMM32.DLL
[0928/092202.575:ERROR:process_memory_win.cc(73)] ReadMemory at 0x19901520000 of 64 bytes failed: Only part of a ReadProcessMemory or WriteProcessMemory request was completed. (0x12B)
[0928/092202.579:WARNING:pe_image_reader.cc(340)] could not read dos header from C:\WINDOWS\System32\IMM32.DLL
[0928/092202.579:ERROR:process_memory_win.cc(73)] ReadMemory at 0x1997a2ed9e0 of 6656 bytes failed: Only part of a ReadProcessMemory or WriteProcessMemory request was completed. (0x12B)
[0928/092202.579:ERROR:process_snapshot_win.cc(322)] failed to read unloaded module data
[0928/092202.591:ERROR:process_memory_win.cc(73)] ReadMemory at 0x7ff760520000 of 64 bytes failed: Only part of a ReadProcessMemory or WriteProcessMemory request was completed. (0x12B)
[0928/092202.591:WARNING:pe_image_reader.cc(340)] could not read dos header from C:\Program Files (x86)\Google\Chrome\Application\chrome.exe
[0928/092202.591:ERROR:process_memory_win.cc(73)] ReadMemory at 0x1997a3d0000 of 64 bytes failed: Only part of a ReadProcessMemory or WriteProcessMemory request was completed. (0x12B)
[0928/092202.591:WARNING:pe_image_reader.cc(340)] could not read dos header from C:\WINDOWS\System32\ADVAPI32.dll
[0928/092202.591:ERROR:process_memory_win.cc(73)] ReadMemory at 0x7ffe4da70000 of 64 bytes failed: Only part of a ReadProcessMemory or WriteProcessMemory request was completed. (0x12B)
[0928/092202.591:WARNING:pe_image_reader.cc(340)] could not read dos header from C:\Program Files (x86)\Google\Chrome\Application\85.0.4183.121\chrome.dll
[0928/092202.595:ERROR:process_memory_win.cc(73)] ReadMemory at 0x19901520000 of 64 bytes failed: Only part of a ReadProcessMemory or WriteProcessMemory request was completed. (0x12B)
[0928/092202.595:WARNING:pe_image_reader.cc(340)] could not read dos header from C:\WINDOWS\System32\IMM32.DLL
[0928/092202.595:ERROR:process_memory_win.cc(73)] ReadMemory at 0x7ff760520000 of 64 bytes failed: Only part of a ReadProcessMemory or WriteProcessMemory request was completed. (0x12B)
[0928/092202.595:WARNING:pe_image_reader.cc(340)] could not read dos header from C:\Program Files (x86)\Google\Chrome\Application\chrome.exe
[0928/092202.595:ERROR:process_memory_win.cc(73)] ReadMemory at 0x7ff760520000 of 64 bytes failed: Only part of a ReadProcessMemory or WriteProcessMemory request was completed. (0x12B)
[0928/092202.595:WARNING:pe_image_reader.cc(340)] could not read dos header from C:\Program Files (x86)\Google\Chrome\Application\chrome.exe
[0928/092202.595:ERROR:process_memory_win.cc(73)] ReadMemory at 0x1997a2de970 of 72 bytes failed: Only part of a ReadProcessMemory or WriteProcessMemory request was completed. (0x12B)
[0928/092202.595:WARNING:pe_image_annotations_reader.cc(135)] could not read annotations list object in C:\Program Files (x86)\Google\Chrome\Application\85.0.4183.121\chrome_elf.dll
[0928/092202.595:ERROR:process_memory_win.cc(73)] ReadMemory at 0x1997a3d0000 of 64 bytes failed: Only part of a ReadProcessMemory or WriteProcessMemory request was completed. (0x12B)
[0928/092202.595:WARNING:pe_image_reader.cc(340)] could not read dos header from C:\WINDOWS\System32\ADVAPI32.dll
[0928/092202.595:ERROR:process_memory_win.cc(73)] ReadMemory at 0x1997a3d0000 of 64 bytes failed: Only part of a ReadProcessMemory or WriteProcessMemory request was completed. (0x12B)
[0928/092202.595:WARNING:pe_image_reader.cc(340)] could not read dos header from C:\WINDOWS\System32\ADVAPI32.dll
[0928/092202.595:ERROR:process_memory_win.cc(73)] ReadMemory at 0x7ffe4da70000 of 64 bytes failed: Only part of a ReadProcessMemory or WriteProcessMemory request was completed. (0x12B)
[0928/092202.595:WARNING:pe_image_reader.cc(340)] could not read dos header from C:\Program Files (x86)\Google\Chrome\Application\85.0.4183.121\chrome.dll
[0928/092202.595:ERROR:process_memory_win.cc(73)] ReadMemory at 0x7ffe4da70000 of 64 bytes failed: Only part of a ReadProcessMemory or WriteProcessMemory request was completed. (0x12B)
[0928/092202.595:WARNING:pe_image_reader.cc(340)] could not read dos header from C:\Program Files (x86)\Google\Chrome\Application\85.0.4183.121\chrome.dll
[0928/092202.599:ERROR:process_memory_win.cc(73)] ReadMemory at 0x19901520000 of 64 bytes failed: Only part of a ReadProcessMemory or WriteProcessMemory request was completed. (0x12B)
[0928/092202.599:WARNING:pe_image_reader.cc(340)] could not read dos header from C:\WINDOWS\System32\IMM32.DLL
[0928/092202.599:ERROR:process_memory_win.cc(73)] ReadMemory at 0x19901520000 of 64 bytes failed: Only part of a ReadProcessMemory or WriteProcessMemory request was completed. (0x12B)
[0928/092202.599:WARNING:pe_image_reader.cc(340)] could not read dos header from C:\WINDOWS\System32\IMM32.DLL
[0928/092202.951:ERROR:process_memory_win.cc(73)] ReadMemory at 0x7ff760520000 of 64 bytes failed: Only part of a ReadProcessMemory or WriteProcessMemory request was completed. (0x12B)
[0928/092202.951:WARNING:pe_image_reader.cc(340)] could not read dos header from C:\Program Files (x86)\Google\Chrome\Application\chrome.exe
[0928/092202.951:ERROR:process_memory_win.cc(73)] ReadMemory at 0x7ffe86140000 of 64 bytes failed: Only part of a ReadProcessMemory or WriteProcessMemory request was completed. (0x12B)
[0928/092202.951:WARNING:pe_image_reader.cc(340)] could not read dos header from C:\WINDOWS\SYSTEM32\ntdll.dll
[0928/092202.951:ERROR:process_memory_win.cc(73)] ReadMemory at 0x7ffe85e60000 of 64 bytes failed: Only part of a ReadProcessMemory or WriteProcessMemory request was completed. (0x12B)
[0928/092202.951:WARNING:pe_image_reader.cc(340)] could not read dos header from C:\WINDOWS\System32\KERNEL32.DLL
[0928/092202.951:ERROR:process_memory_win.cc(73)] ReadMemory at 0x7ffe83cc0000 of 64 bytes failed: Only part of a ReadProcessMemory or WriteProcessMemory request was completed. (0x12B)
[0928/092202.951:WARNING:pe_image_reader.cc(340)] could not read dos header from C:\WINDOWS\System32\KERNELBASE.dll
[0928/092202.951:ERROR:process_memory_win.cc(73)] ReadMemory at 0x7ffe6e4c0000 of 64 bytes failed: Only part of a ReadProcessMemory or WriteProcessMemory request was completed. (0x12B)
[0928/092202.951:WARNING:pe_image_reader.cc(340)] could not read dos header from C:\Program Files (x86)\Google\Chrome\Application\85.0.4183.121\chrome_elf.dll
[0928/092202.951:ERROR:process_memory_win.cc(73)] ReadMemory at 0x7ffe79e90000 of 64 bytes failed: Only part of a ReadProcessMemory or WriteProcessMemory request was completed. (0x12B)
[0928/092202.951:WARNING:pe_image_reader.cc(340)] could not read dos header from C:\WINDOWS\SYSTEM32\VERSION.dll
[0928/092202.951:ERROR:process_memory_win.cc(73)] ReadMemory at 0x7ffe86060000 of 64 bytes failed: Only part of a ReadProcessMemory or WriteProcessMemory request was completed. (0x12B)
[0928/092202.951:WARNING:pe_image_reader.cc(340)] could not read dos header from C:\WINDOWS\System32\msvcrt.dll
[0928/092202.951:ERROR:process_memory_win.cc(73)] ReadMemory at 0x7ffe83180000 of 64 bytes failed: Only part of a ReadProcessMemory or WriteProcessMemory request was completed. (0x12B)
[0928/092202.951:WARNING:pe_image_reader.cc(340)] could not read dos header from C:\WINDOWS\System32\bcryptPrimitives.dll
[0928/092202.951:ERROR:process_memory_win.cc(73)] ReadMemory at 0x1997a3d0000 of 64 bytes failed: Only part of a ReadProcessMemory or WriteProcessMemory request was completed. (0x12B)
[0928/092202.951:WARNING:pe_image_reader.cc(340)] could not read dos header from C:\WINDOWS\System32\ADVAPI32.dll
[0928/092202.951:ERROR:process_memory_win.cc(73)] ReadMemory at 0x7ffe844c0000 of 64 bytes failed: Only part of a ReadProcessMemory or WriteProcessMemory request was completed. (0x12B)
[0928/092202.951:WARNING:pe_image_reader.cc(340)] could not read dos header from C:\WINDOWS\System32\sechost.dll
[0928/092202.951:ERROR:process_memory_win.cc(73)] ReadMemory at 0x7ffe84c10000 of 64 bytes failed: Only part of a ReadProcessMemory or WriteProcessMemory request was completed. (0x12B)
[0928/092202.951:WARNING:pe_image_reader.cc(340)] could not read dos header from C:\WINDOWS\System32\RPCRT4.dll
[0928/092202.951:ERROR:process_memory_win.cc(73)] ReadMemory at 0x7ffe4da70000 of 64 bytes failed: Only part of a ReadProcessMemory or WriteProcessMemory request was completed. (0x12B)
[0928/092202.951:WARNING:pe_image_reader.cc(340)] could not read dos header from C:\Program Files (x86)\Google\Chrome\Application\85.0.4183.121\chrome.dll
[0928/092202.951:ERROR:process_memory_win.cc(73)] ReadMemory at 0x7ffe84f20000 of 64 bytes failed: Only part of a ReadProcessMemory or WriteProcessMemory request was completed. (0x12B)
[0928/092202.951:WARNING:pe_image_reader.cc(340)] could not read dos header from C:\WINDOWS\System32\WS2_32.dll
[0928/092202.951:ERROR:process_memory_win.cc(73)] ReadMemory at 0x7ffe84560000 of 64 bytes failed: Only part of a ReadProcessMemory or WriteProcessMemory request was completed. (0x12B)
[0928/092202.951:WARNING:pe_image_reader.cc(340)] could not read dos header from C:\WINDOWS\System32\OLEAUT32.dll
[0928/092202.951:ERROR:process_memory_win.cc(73)] ReadMemory at 0x7ffe83300000 of 64 bytes failed: Only part of a ReadProcessMemory or WriteProcessMemory request was completed. (0x12B)
[0928/092202.951:WARNING:pe_image_reader.cc(340)] could not read dos header from C:\WINDOWS\System32\msvcp_win.dll
[0928/092202.951:ERROR:process_memory_win.cc(73)] ReadMemory at 0x7ffe83fa0000 of 64 bytes failed: Only part of a ReadProcessMemory or WriteProcessMemory request was completed. (0x12B)
[0928/092202.951:WARNING:pe_image_reader.cc(340)] could not read dos header from C:\WINDOWS\System32\ucrtbase.dll
[0928/092202.955:ERROR:process_memory_win.cc(73)] ReadMemory at 0x7ffe84760000 of 64 bytes failed: Only part of a ReadProcessMemory or WriteProcessMemory request was completed. (0x12B)
[0928/092202.955:WARNING:pe_image_reader.cc(340)] could not read dos header from C:\WINDOWS\System32\combase.dll
[0928/092202.955:ERROR:process_memory_win.cc(73)] ReadMemory at 0x7ffe832a0000 of 64 bytes failed: Only part of a ReadProcessMemory or WriteProcessMemory request was completed. (0x12B)
[0928/092202.955:WARNING:pe_image_reader.cc(340)] could not read dos header from C:\WINDOWS\System32\WINTRUST.dll
[0928/092202.955:ERROR:process_memory_win.cc(73)] ReadMemory at 0x7ffe830b0000 of 64 bytes failed: Only part of a ReadProcessMemory or WriteProcessMemory request was completed. (0x12B)
[0928/092202.955:WARNING:pe_image_reader.cc(340)] could not read dos header from C:\WINDOWS\System32\MSASN1.dll
[0928/092202.955:ERROR:process_memory_win.cc(73)] ReadMemory at 0x7ffe840a0000 of 64 bytes failed: Only part of a ReadProcessMemory or WriteProcessMemory request was completed. (0x12B)
[0928/092202.955:WARNING:pe_image_reader.cc(340)] could not read dos header from C:\WINDOWS\System32\CRYPT32.dll
[0928/092202.955:ERROR:process_memory_win.cc(73)] ReadMemory at 0x7ffe82500000 of 64 bytes failed: Only part of a ReadProcessMemory or WriteProcessMemory request was completed. (0x12B)
[0928/092202.955:WARNING:pe_image_reader.cc(340)] could not read dos header from C:\WINDOWS\SYSTEM32\IPHLPAPI.DLL
[0928/092202.955:ERROR:process_memory_win.cc(73)] ReadMemory at 0x7ffe7c700000 of 64 bytes failed: Only part of a ReadProcessMemory or WriteProcessMemory request was completed. (0x12B)
[0928/092202.955:WARNING:pe_image_reader.cc(340)] could not read dos header from C:\WINDOWS\SYSTEM32\WINMM.dll
[0928/092202.955:ERROR:process_memory_win.cc(73)] ReadMemory at 0x7ffe67750000 of 64 bytes failed: Only part of a ReadProcessMemory or WriteProcessMemory request was completed. (0x12B)
[0928/092202.955:WARNING:pe_image_reader.cc(340)] could not read dos header from C:\WINDOWS\SYSTEM32\UIAutomationCore.DLL
[0928/092202.955:ERROR:process_memory_win.cc(73)] ReadMemory at 0x7ffe7b640000 of 64 bytes failed: Only part of a ReadProcessMemory or WriteProcessMemory request was completed. (0x12B)
[0928/092202.955:WARNING:pe_image_reader.cc(340)] could not read dos header from C:\WINDOWS\SYSTEM32\Secur32.dll
[0928/092202.955:ERROR:process_memory_win.cc(73)] ReadMemory at 0x7ffe82f20000 of 64 bytes failed: Only part of a ReadProcessMemory or WriteProcessMemory request was completed. (0x12B)
[0928/092202.955:WARNING:pe_image_reader.cc(340)] could not read dos header from C:\WINDOWS\SYSTEM32\USERENV.dll
[0928/092202.955:ERROR:process_memory_win.cc(73)] ReadMemory at 0x7ffe83030000 of 64 bytes failed: Only part of a ReadProcessMemory or WriteProcessMemory request was completed. (0x12B)
[0928/092202.955:WARNING:pe_image_reader.cc(340)] could not read dos header from C:\WINDOWS\System32\profapi.dll
[0928/092202.955:ERROR:process_memory_win.cc(73)] ReadMemory at 0x7ffe77760000 of 64 bytes failed: Only part of a ReadProcessMemory or WriteProcessMemory request was completed. (0x12B)
[0928/092202.955:WARNING:pe_image_reader.cc(340)] could not read dos header from C:\WINDOWS\SYSTEM32\DWrite.dll
[0928/092202.955:ERROR:process_memory_win.cc(73)] ReadMemory at 0x7ffe7c8d0000 of 64 bytes failed: Only part of a ReadProcessMemory or WriteProcessMemory request was completed. (0x12B)
[0928/092202.955:WARNING:pe_image_reader.cc(340)] could not read dos header from C:\WINDOWS\SYSTEM32\WINSPOOL.DRV
[0928/092202.955:ERROR:process_memory_win.cc(73)] ReadMemory at 0x7ffe83010000 of 64 bytes failed: Only part of a ReadProcessMemory or WriteProcessMemory request was completed. (0x12B)
[0928/092202.955:WARNING:pe_image_reader.cc(340)] could not read dos header from C:\WINDOWS\System32\kernel.appcore.dll
[0928/092202.955:ERROR:process_memory_win.cc(73)] ReadMemory at 0x7ffe83250000 of 64 bytes failed: Only part of a ReadProcessMemory or WriteProcessMemory request was completed. (0x12B)
[0928/092202.955:WARNING:pe_image_reader.cc(340)] could not read dos header from C:\WINDOWS\System32\bcrypt.dll
[0928/092202.955:ERROR:process_memory_win.cc(73)] ReadMemory at 0x7ffe71db0000 of 64 bytes failed: Only part of a ReadProcessMemory or WriteProcessMemory request was completed. (0x12B)
[0928/092202.955:WARNING:pe_image_reader.cc(340)] could not read dos header from C:\WINDOWS\SYSTEM32\dbghelp.dll
[0928/092202.955:ERROR:process_memory_win.cc(73)] ReadMemory at 0x7ffe7aca0000 of 64 bytes failed: Only part of a ReadProcessMemory or WriteProcessMemory request was completed. (0x12B)
[0928/092202.955:WARNING:pe_image_reader.cc(340)] could not read dos header from C:\WINDOWS\SYSTEM32\WINHTTP.dll
[0928/092202.955:ERROR:process_memory_win.cc(73)] ReadMemory at 0x7ffe7af10000 of 64 bytes failed: Only part of a ReadProcessMemory or WriteProcessMemory request was completed. (0x12B)
[0928/092202.955:WARNING:pe_image_reader.cc(340)] could not read dos header from C:\WINDOWS\SYSTEM32\dhcpcsvc.DLL
[0928/092202.955:ERROR:process_memory_win.cc(73)] ReadMemory at 0x7ffe85400000 of 64 bytes failed: Only part of a ReadProcessMemory or WriteProcessMemory request was completed. (0x12B)
[0928/092202.955:WARNING:pe_image_reader.cc(340)] could not read dos header from C:\WINDOWS\System32\NSI.dll
[0928/092202.955:ERROR:process_memory_win.cc(73)] ReadMemory at 0x7ffe7c6b0000 of 64 bytes failed: Only part of a ReadProcessMemory or WriteProcessMemory request was completed. (0x12B)
[0928/092202.955:WARNING:pe_image_reader.cc(340)] could not read dos header from C:\WINDOWS\SYSTEM32\WINMMBASE.dll
[0928/092202.955:ERROR:process_memory_win.cc(73)] ReadMemory at 0x7ffe83200000 of 64 bytes failed: Only part of a ReadProcessMemory or WriteProcessMemory request was completed. (0x12B)
[0928/092202.955:WARNING:pe_image_reader.cc(340)] could not read dos header from C:\WINDOWS\System32\cfgmgr32.dll
[0928/092202.955:ERROR:process_memory_win.cc(73)] ReadMemory at 0x7ffe7ee90000 of 64 bytes failed: Only part of a ReadProcessMemory or WriteProcessMemory request was completed. (0x12B)
[0928/092202.955:WARNING:pe_image_reader.cc(340)] could not read dos header from C:\WINDOWS\SYSTEM32\PROPSYS.dll
[0928/092202.959:ERROR:process_memory_win.cc(73)] ReadMemory at 0x7ffe84d30000 of 64 bytes failed: Only part of a ReadProcessMemory or WriteProcessMemory request was completed. (0x12B)
[0928/092202.959:WARNING:pe_image_reader.cc(340)] could not read dos header from C:\WINDOWS\System32\shcore.dll
[0928/092202.959:ERROR:process_memory_win.cc(73)] ReadMemory at 0x7ffe82ee0000 of 64 bytes failed: Only part of a ReadProcessMemory or WriteProcessMemory request was completed. (0x12B)
[0928/092202.959:WARNING:pe_image_reader.cc(340)] could not read dos header from C:\WINDOWS\SYSTEM32\SSPICLI.DLL
[0928/092202.959:ERROR:process_memory_win.cc(73)] ReadMemory at 0x7ffe85770000 of 64 bytes failed: Only part of a ReadProcessMemory or WriteProcessMemory request was completed. (0x12B)
[0928/092202.959:WARNING:pe_image_reader.cc(340)] could not read dos header from C:\WINDOWS\System32\SHELL32.dll
[0928/092202.959:ERROR:process_memory_win.cc(73)] ReadMemory at 0x7ffe83540000 of 64 bytes failed: Only part of a ReadProcessMemory or WriteProcessMemory request was completed. (0x12B)
[0928/092202.959:WARNING:pe_image_reader.cc(340)] could not read dos header from C:\WINDOWS\System32\windows.storage.dll
[0928/092202.959:ERROR:process_memory_win.cc(73)] ReadMemory at 0x7ffe83060000 of 64 bytes failed: Only part of a ReadProcessMemory or WriteProcessMemory request was completed. (0x12B)
[0928/092202.959:WARNING:pe_image_reader.cc(340)] could not read dos header from C:\WINDOWS\System32\powrprof.dll
[0928/092202.959:ERROR:process_memory_win.cc(73)] ReadMemory at 0x7ffe83000000 of 64 bytes failed: Only part of a ReadProcessMemory or WriteProcessMemory request was completed. (0x12B)
[0928/092202.959:WARNING:pe_image_reader.cc(340)] could not read dos header from C:\WINDOWS\System32\UMPDC.dll
[0928/092202.959:ERROR:process_memory_win.cc(73)] ReadMemory at 0x7ffe85710000 of 64 bytes failed: Only part of a ReadProcessMemory or WriteProcessMemory request was completed. (0x12B)
[0928/092202.959:WARNING:pe_image_reader.cc(340)] could not read dos header from C:\WINDOWS\System32\shlwapi.dll
[0928/092202.959:ERROR:process_memory_win.cc(73)] ReadMemory at 0x7ffe84690000 of 64 bytes failed: Only part of a ReadProcessMemory or WriteProcessMemory request was completed. (0x12B)
[0928/092202.959:WARNING:pe_image_reader.cc(340)] could not read dos header from C:\WINDOWS\System32\GDI32.dll
[0928/092202.959:ERROR:process_memory_win.cc(73)] ReadMemory at 0x7ffe83f70000 of 64 bytes failed: Only part of a ReadProcessMemory or WriteProcessMemory request was completed. (0x12B)
[0928/092202.959:WARNING:pe_image_reader.cc(340)] could not read dos header from C:\WINDOWS\System32\win32u.dll
[0928/092202.959:ERROR:process_memory_win.cc(73)] ReadMemory at 0x7ffe833a0000 of 64 bytes failed: Only part of a ReadProcessMemory or WriteProcessMemory request was completed. (0x12B)
[0928/092202.959:WARNING:pe_image_reader.cc(340)] could not read dos header from C:\WINDOWS\System32\gdi32full.dll
[0928/092202.959:ERROR:process_memory_win.cc(73)] ReadMemory at 0x7ffe84320000 of 64 bytes failed: Only part of a ReadProcessMemory or WriteProcessMemory request was completed. (0x12B)
[0928/092202.959:WARNING:pe_image_reader.cc(340)] could not read dos header from C:\WINDOWS\System32\USER32.dll
[0928/092202.959:ERROR:process_memory_win.cc(73)] ReadMemory at 0x7ffe83280000 of 64 bytes failed: Only part of a ReadProcessMemory or WriteProcessMemory request was completed. (0x12B)
[0928/092202.959:WARNING:pe_image_reader.cc(340)] could not read dos header from C:\WINDOWS\System32\cryptsp.dll
[0928/092202.959:ERROR:process_memory_win.cc(73)] ReadMemory at 0x19901520000 of 64 bytes failed: Only part of a ReadProcessMemory or WriteProcessMemory request was completed. (0x12B)
[0928/092202.959:WARNING:pe_image_reader.cc(340)] could not read dos header from C:\WINDOWS\System32\IMM32.DLL
[0928/092202.959:ERROR:process_memory_win.cc(73)] ReadMemory at 0x7ffe829c0000 of 64 bytes failed: Only part of a ReadProcessMemory or WriteProcessMemory request was completed. (0x12B)
[0928/092202.959:WARNING:pe_image_reader.cc(340)] could not read dos header from C:\WINDOWS\SYSTEM32\CRYPTBASE.DLL
[0928/092202.967:ERROR:process_memory_win.cc(73)] ReadMemory at 0x7ff760520000 of 64 bytes failed: Only part of a ReadProcessMemory or WriteProcessMemory request was completed. (0x12B)
[0928/092202.967:WARNING:pe_image_reader.cc(340)] could not read dos header from C:\Program Files (x86)\Google\Chrome\Application\chrome.exe
[0928/092202.967:ERROR:process_memory_win.cc(73)] ReadMemory at 0x7ffe86140000 of 64 bytes failed: Only part of a ReadProcessMemory or WriteProcessMemory request was completed. (0x12B)
[0928/092202.967:WARNING:pe_image_reader.cc(340)] could not read dos header from C:\WINDOWS\SYSTEM32\ntdll.dll
[0928/092202.967:ERROR:process_memory_win.cc(73)] ReadMemory at 0x7ffe85e60000 of 64 bytes failed: Only part of a ReadProcessMemory or WriteProcessMemory request was completed. (0x12B)
[0928/092202.967:WARNING:pe_image_reader.cc(340)] could not read dos header from C:\WINDOWS\System32\KERNEL32.DLL
[0928/092202.967:ERROR:process_memory_win.cc(73)] ReadMemory at 0x7ffe83cc0000 of 64 bytes failed: Only part of a ReadProcessMemory or WriteProcessMemory request was completed. (0x12B)
[0928/092202.967:WARNING:pe_image_reader.cc(340)] could not read dos header from C:\WINDOWS\System32\KERNELBASE.dll
[0928/092202.967:ERROR:process_memory_win.cc(73)] ReadMemory at 0x7ffe6e4c0000 of 64 bytes failed: Only part of a ReadProcessMemory or WriteProcessMemory request was completed. (0x12B)
[0928/092202.967:WARNING:pe_image_reader.cc(340)] could not read dos header from C:\Program Files (x86)\Google\Chrome\Application\85.0.4183.121\chrome_elf.dll
[0928/092202.967:ERROR:process_memory_win.cc(73)] ReadMemory at 0x7ffe79e90000 of 64 bytes failed: Only part of a ReadProcessMemory or WriteProcessMemory request was completed. (0x12B)
[0928/092202.967:WARNING:pe_image_reader.cc(340)] could not read dos header from C:\WINDOWS\SYSTEM32\VERSION.dll
[0928/092202.967:ERROR:process_memory_win.cc(73)] ReadMemory at 0x7ffe86060000 of 64 bytes failed: Only part of a ReadProcessMemory or WriteProcessMemory request was completed. (0x12B)
[0928/092202.967:WARNING:pe_image_reader.cc(340)] could not read dos header from C:\WINDOWS\System32\msvcrt.dll
[0928/092202.967:ERROR:process_memory_win.cc(73)] ReadMemory at 0x7ffe83180000 of 64 bytes failed: Only part of a ReadProcessMemory or WriteProcessMemory request was completed. (0x12B)
[0928/092202.967:WARNING:pe_image_reader.cc(340)] could not read dos header from C:\WINDOWS\System32\bcryptPrimitives.dll
[0928/092202.967:ERROR:process_memory_win.cc(73)] ReadMemory at 0x1997a3d0000 of 64 bytes failed: Only part of a ReadProcessMemory or WriteProcessMemory request was completed. (0x12B)
[0928/092202.967:WARNING:pe_image_reader.cc(340)] could not read dos header from C:\WINDOWS\System32\ADVAPI32.dll
[0928/092202.967:ERROR:process_memory_win.cc(73)] ReadMemory at 0x7ffe844c0000 of 64 bytes failed: Only part of a ReadProcessMemory or WriteProcessMemory request was completed. (0x12B)
[0928/092202.967:WARNING:pe_image_reader.cc(340)] could not read dos header from C:\WINDOWS\System32\sechost.dll
[0928/092202.967:ERROR:process_memory_win.cc(73)] ReadMemory at 0x7ffe84c10000 of 64 bytes failed: Only part of a ReadProcessMemory or WriteProcessMemory request was completed. (0x12B)
[0928/092202.967:WARNING:pe_image_reader.cc(340)] could not read dos header from C:\WINDOWS\System32\RPCRT4.dll
[0928/092202.967:ERROR:process_memory_win.cc(73)] ReadMemory at 0x7ffe4da70000 of 64 bytes failed: Only part of a ReadProcessMemory or WriteProcessMemory request was completed. (0x12B)
[0928/092202.967:WARNING:pe_image_reader.cc(340)] could not read dos header from C:\Program Files (x86)\Google\Chrome\Application\85.0.4183.121\chrome.dll
[0928/092202.967:ERROR:process_memory_win.cc(73)] ReadMemory at 0x7ffe84f20000 of 64 bytes failed: Only part of a ReadProcessMemory or WriteProcessMemory request was completed. (0x12B)
[0928/092202.967:WARNING:pe_image_reader.cc(340)] could not read dos header from C:\WINDOWS\System32\WS2_32.dll
[0928/092202.967:ERROR:process_memory_win.cc(73)] ReadMemory at 0x7ffe84560000 of 64 bytes failed: Only part of a ReadProcessMemory or WriteProcessMemory request was completed. (0x12B)
[0928/092202.967:WARNING:pe_image_reader.cc(340)] could not read dos header from C:\WINDOWS\System32\OLEAUT32.dll
[0928/092202.967:ERROR:process_memory_win.cc(73)] ReadMemory at 0x7ffe83300000 of 64 bytes failed: Only part of a ReadProcessMemory or WriteProcessMemory request was completed. (0x12B)
[0928/092202.967:WARNING:pe_image_reader.cc(340)] could not read dos header from C:\WINDOWS\System32\msvcp_win.dll
[0928/092202.967:ERROR:process_memory_win.cc(73)] ReadMemory at 0x7ffe83fa0000 of 64 bytes failed: Only part of a ReadProcessMemory or WriteProcessMemory request was completed. (0x12B)
[0928/092202.967:WARNING:pe_image_reader.cc(340)] could not read dos header from C:\WINDOWS\System32\ucrtbase.dll
[0928/092202.967:ERROR:process_memory_win.cc(73)] ReadMemory at 0x7ffe84760000 of 64 bytes failed: Only part of a ReadProcessMemory or WriteProcessMemory request was completed. (0x12B)
[0928/092202.967:WARNING:pe_image_reader.cc(340)] could not read dos header from C:\WINDOWS\System32\combase.dll
[0928/092202.967:ERROR:process_memory_win.cc(73)] ReadMemory at 0x7ffe832a0000 of 64 bytes failed: Only part of a ReadProcessMemory or WriteProcessMemory request was completed. (0x12B)
[0928/092202.967:WARNING:pe_image_reader.cc(340)] could not read dos header from C:\WINDOWS\System32\WINTRUST.dll
[0928/092202.967:ERROR:process_memory_win.cc(73)] ReadMemory at 0x7ffe830b0000 of 64 bytes failed: Only part of a ReadProcessMemory or WriteProcessMemory request was completed. (0x12B)
[0928/092202.967:WARNING:pe_image_reader.cc(340)] could not read dos header from C:\WINDOWS\System32\MSASN1.dll
[0928/092202.967:ERROR:process_memory_win.cc(73)] ReadMemory at 0x7ffe840a0000 of 64 bytes failed: Only part of a ReadProcessMemory or WriteProcessMemory request was completed. (0x12B)
[0928/092202.967:WARNING:pe_image_reader.cc(340)] could not read dos header from C:\WINDOWS\System32\CRYPT32.dll
[0928/092202.967:ERROR:process_memory_win.cc(73)] ReadMemory at 0x7ffe82500000 of 64 bytes failed: Only part of a ReadProcessMemory or WriteProcessMemory request was completed. (0x12B)
[0928/092202.967:WARNING:pe_image_reader.cc(340)] could not read dos header from C:\WINDOWS\SYSTEM32\IPHLPAPI.DLL
[0928/092202.967:ERROR:process_memory_win.cc(73)] ReadMemory at 0x7ffe7c700000 of 64 bytes failed: Only part of a ReadProcessMemory or WriteProcessMemory request was completed. (0x12B)
[0928/092202.967:WARNING:pe_image_reader.cc(340)] could not read dos header from C:\WINDOWS\SYSTEM32\WINMM.dll
[0928/092202.967:ERROR:process_memory_win.cc(73)] ReadMemory at 0x7ffe67750000 of 64 bytes failed: Only part of a ReadProcessMemory or WriteProcessMemory request was completed. (0x12B)
[0928/092202.967:WARNING:pe_image_reader.cc(340)] could not read dos header from C:\WINDOWS\SYSTEM32\UIAutomationCore.DLL
[0928/092202.967:ERROR:process_memory_win.cc(73)] ReadMemory at 0x7ffe7b640000 of 64 bytes failed: Only part of a ReadProcessMemory or WriteProcessMemory request was completed. (0x12B)
[0928/092202.967:WARNING:pe_image_reader.cc(340)] could not read dos header from C:\WINDOWS\SYSTEM32\Secur32.dll
[0928/092202.967:ERROR:process_memory_win.cc(73)] ReadMemory at 0x7ffe82f20000 of 64 bytes failed: Only part of a ReadProcessMemory or WriteProcessMemory request was completed. (0x12B)
[0928/092202.967:WARNING:pe_image_reader.cc(340)] could not read dos header from C:\WINDOWS\SYSTEM32\USERENV.dll
[0928/092202.967:ERROR:process_memory_win.cc(73)] ReadMemory at 0x7ffe83030000 of 64 bytes failed: Only part of a ReadProcessMemory or WriteProcessMemory request was completed. (0x12B)
[0928/092202.967:WARNING:pe_image_reader.cc(340)] could not read dos header from C:\WINDOWS\System32\profapi.dll
[0928/092202.967:ERROR:process_memory_win.cc(73)] ReadMemory at 0x7ffe77760000 of 64 bytes failed: Only part of a ReadProcessMemory or WriteProcessMemory request was completed. (0x12B)
[0928/092202.967:WARNING:pe_image_reader.cc(340)] could not read dos header from C:\WINDOWS\SYSTEM32\DWrite.dll
[0928/092202.967:ERROR:process_memory_win.cc(73)] ReadMemory at 0x7ffe7c8d0000 of 64 bytes failed: Only part of a ReadProcessMemory or WriteProcessMemory request was completed. (0x12B)
[0928/092202.967:WARNING:pe_image_reader.cc(340)] could not read dos header from C:\WINDOWS\SYSTEM32\WINSPOOL.DRV
[0928/092202.967:ERROR:process_memory_win.cc(73)] ReadMemory at 0x7ffe83010000 of 64 bytes failed: Only part of a ReadProcessMemory or WriteProcessMemory request was completed. (0x12B)
[0928/092202.967:WARNING:pe_image_reader.cc(340)] could not read dos header from C:\WINDOWS\System32\kernel.appcore.dll
[0928/092202.967:ERROR:process_memory_win.cc(73)] ReadMemory at 0x7ffe83250000 of 64 bytes failed: Only part of a ReadProcessMemory or WriteProcessMemory request was completed. (0x12B)
[0928/092202.967:WARNING:pe_image_reader.cc(340)] could not read dos header from C:\WINDOWS\System32\bcrypt.dll
[0928/092202.967:ERROR:process_memory_win.cc(73)] ReadMemory at 0x7ffe71db0000 of 64 bytes failed: Only part of a ReadProcessMemory or WriteProcessMemory request was completed. (0x12B)
[0928/092202.967:WARNING:pe_image_reader.cc(340)] could not read dos header from C:\WINDOWS\SYSTEM32\dbghelp.dll
[0928/092202.967:ERROR:process_memory_win.cc(73)] ReadMemory at 0x7ffe7aca0000 of 64 bytes failed: Only part of a ReadProcessMemory or WriteProcessMemory request was completed. (0x12B)
[0928/092202.967:WARNING:pe_image_reader.cc(340)] could not read dos header from C:\WINDOWS\SYSTEM32\WINHTTP.dll
[0928/092202.967:ERROR:process_memory_win.cc(73)] ReadMemory at 0x7ffe7af10000 of 64 bytes failed: Only part of a ReadProcessMemory or WriteProcessMemory request was completed. (0x12B)
[0928/092202.967:WARNING:pe_image_reader.cc(340)] could not read dos header from C:\WINDOWS\SYSTEM32\dhcpcsvc.DLL
[0928/092202.967:ERROR:process_memory_win.cc(73)] ReadMemory at 0x7ffe85400000 of 64 bytes failed: Only part of a ReadProcessMemory or WriteProcessMemory request was completed. (0x12B)
[0928/092202.967:WARNING:pe_image_reader.cc(340)] could not read dos header from C:\WINDOWS\System32\NSI.dll
[0928/092202.967:ERROR:process_memory_win.cc(73)] ReadMemory at 0x7ffe7c6b0000 of 64 bytes failed: Only part of a ReadProcessMemory or WriteProcessMemory request was completed. (0x12B)
[0928/092202.967:WARNING:pe_image_reader.cc(340)] could not read dos header from C:\WINDOWS\SYSTEM32\WINMMBASE.dll
[0928/092202.967:ERROR:process_memory_win.cc(73)] ReadMemory at 0x7ffe83200000 of 64 bytes failed: Only part of a ReadProcessMemory or WriteProcessMemory request was completed. (0x12B)
[0928/092202.967:WARNING:pe_image_reader.cc(340)] could not read dos header from C:\WINDOWS\System32\cfgmgr32.dll
[0928/092202.967:ERROR:process_memory_win.cc(73)] ReadMemory at 0x7ffe7ee90000 of 64 bytes failed: Only part of a ReadProcessMemory or WriteProcessMemory request was completed. (0x12B)
[0928/092202.967:WARNING:pe_image_reader.cc(340)] could not read dos header from C:\WINDOWS\SYSTEM32\PROPSYS.dll
[0928/092202.967:ERROR:process_memory_win.cc(73)] ReadMemory at 0x7ffe84d30000 of 64 bytes failed: Only part of a ReadProcessMemory or WriteProcessMemory request was completed. (0x12B)
[0928/092202.967:WARNING:pe_image_reader.cc(340)] could not read dos header from C:\WINDOWS\System32\shcore.dll
[0928/092202.967:ERROR:process_memory_win.cc(73)] ReadMemory at 0x7ffe82ee0000 of 64 bytes failed: Only part of a ReadProcessMemory or WriteProcessMemory request was completed. (0x12B)
[0928/092202.967:WARNING:pe_image_reader.cc(340)] could not read dos header from C:\WINDOWS\SYSTEM32\SSPICLI.DLL
[0928/092202.967:ERROR:process_memory_win.cc(73)] ReadMemory at 0x7ffe85770000 of 64 bytes failed: Only part of a ReadProcessMemory or WriteProcessMemory request was completed. (0x12B)
[0928/092202.967:WARNING:pe_image_reader.cc(340)] could not read dos header from C:\WINDOWS\System32\SHELL32.dll
[0928/092202.967:ERROR:process_memory_win.cc(73)] ReadMemory at 0x7ffe83540000 of 64 bytes failed: Only part of a ReadProcessMemory or WriteProcessMemory request was completed. (0x12B)
[0928/092202.967:WARNING:pe_image_reader.cc(340)] could not read dos header from C:\WINDOWS\System32\windows.storage.dll
[0928/092202.967:ERROR:process_memory_win.cc(73)] ReadMemory at 0x7ffe83060000 of 64 bytes failed: Only part of a ReadProcessMemory or WriteProcessMemory request was completed. (0x12B)
[0928/092202.967:WARNING:pe_image_reader.cc(340)] could not read dos header from C:\WINDOWS\System32\powrprof.dll
[0928/092202.967:ERROR:process_memory_win.cc(73)] ReadMemory at 0x7ffe83000000 of 64 bytes failed: Only part of a ReadProcessMemory or WriteProcessMemory request was completed. (0x12B)
[0928/092202.967:WARNING:pe_image_reader.cc(340)] could not read dos header from C:\WINDOWS\System32\UMPDC.dll
[0928/092202.967:ERROR:process_memory_win.cc(73)] ReadMemory at 0x7ffe85710000 of 64 bytes failed: Only part of a ReadProcessMemory or WriteProcessMemory request was completed. (0x12B)
[0928/092202.967:WARNING:pe_image_reader.cc(340)] could not read dos header from C:\WINDOWS\System32\shlwapi.dll
[0928/092202.967:ERROR:process_memory_win.cc(73)] ReadMemory at 0x7ffe84690000 of 64 bytes failed: Only part of a ReadProcessMemory or WriteProcessMemory request was completed. (0x12B)
[0928/092202.967:WARNING:pe_image_reader.cc(340)] could not read dos header from C:\WINDOWS\System32\GDI32.dll
[0928/092202.967:ERROR:process_memory_win.cc(73)] ReadMemory at 0x7ffe83f70000 of 64 bytes failed: Only part of a ReadProcessMemory or WriteProcessMemory request was completed. (0x12B)
[0928/092202.967:WARNING:pe_image_reader.cc(340)] could not read dos header from C:\WINDOWS\System32\win32u.dll
[0928/092202.967:ERROR:process_memory_win.cc(73)] ReadMemory at 0x7ffe833a0000 of 64 bytes failed: Only part of a ReadProcessMemory or WriteProcessMemory request was completed. (0x12B)
[0928/092202.967:WARNING:pe_image_reader.cc(340)] could not read dos header from C:\WINDOWS\System32\gdi32full.dll
[0928/092202.967:ERROR:process_memory_win.cc(73)] ReadMemory at 0x7ffe84320000 of 64 bytes failed: Only part of a ReadProcessMemory or WriteProcessMemory request was completed. (0x12B)
[0928/092202.967:WARNING:pe_image_reader.cc(340)] could not read dos header from C:\WINDOWS\System32\USER32.dll
[0928/092202.967:ERROR:process_memory_win.cc(73)] ReadMemory at 0x7ffe83280000 of 64 bytes failed: Only part of a ReadProcessMemory or WriteProcessMemory request was completed. (0x12B)
[0928/092202.967:WARNING:pe_image_reader.cc(340)] could not read dos header from C:\WINDOWS\System32\cryptsp.dll
[0928/092202.967:ERROR:process_memory_win.cc(73)] ReadMemory at 0x19901520000 of 64 bytes failed: Only part of a ReadProcessMemory or WriteProcessMemory request was completed. (0x12B)
[0928/092202.967:WARNING:pe_image_reader.cc(340)] could not read dos header from C:\WINDOWS\System32\IMM32.DLL
[0928/092202.967:ERROR:process_memory_win.cc(73)] ReadMemory at 0x7ffe829c0000 of 64 bytes failed: Only part of a ReadProcessMemory or WriteProcessMemory request was completed. (0x12B)
[0928/092202.967:WARNING:pe_image_reader.cc(340)] could not read dos header from C:\WINDOWS\SYSTEM32\CRYPTBASE.DLL
[0928/092202.967:ERROR:process_memory_win.cc(73)] ReadMemory at 0x7ff760520000 of 64 bytes failed: Only part of a ReadProcessMemory or WriteProcessMemory request was completed. (0x12B)
[0928/092202.967:WARNING:pe_image_reader.cc(340)] could not read dos header from C:\Program Files (x86)\Google\Chrome\Application\chrome.exe
[0928/092202.967:ERROR:process_memory_win.cc(73)] ReadMemory at 0x7ffe86140000 of 64 bytes failed: Only part of a ReadProcessMemory or WriteProcessMemory request was completed. (0x12B)
[0928/092202.971:WARNING:pe_image_reader.cc(340)] could not read dos header from C:\WINDOWS\SYSTEM32\ntdll.dll
[0928/092202.971:ERROR:process_memory_win.cc(73)] ReadMemory at 0x7ffe85e60000 of 64 bytes failed: Only part of a ReadProcessMemory or WriteProcessMemory request was completed. (0x12B)
[0928/092202.971:WARNING:pe_image_reader.cc(340)] could not read dos header from C:\WINDOWS\System32\KERNEL32.DLL
[0928/092202.971:ERROR:process_memory_win.cc(73)] ReadMemory at 0x7ffe83cc0000 of 64 bytes failed: Only part of a ReadProcessMemory or WriteProcessMemory request was completed. (0x12B)
[0928/092202.971:WARNING:pe_image_reader.cc(340)] could not read dos header from C:\WINDOWS\System32\KERNELBASE.dll
[0928/092202.971:ERROR:process_memory_win.cc(73)] ReadMemory at 0x7ffe6e4c0000 of 64 bytes failed: Only part of a ReadProcessMemory or WriteProcessMemory request was completed. (0x12B)
[0928/092202.971:WARNING:pe_image_reader.cc(340)] could not read dos header from C:\Program Files (x86)\Google\Chrome\Application\85.0.4183.121\chrome_elf.dll
[0928/092202.971:ERROR:process_memory_win.cc(73)] ReadMemory at 0x7ffe79e90000 of 64 bytes failed: Only part of a ReadProcessMemory or WriteProcessMemory request was completed. (0x12B)
[0928/092202.971:WARNING:pe_image_reader.cc(340)] could not read dos header from C:\WINDOWS\SYSTEM32\VERSION.dll
[0928/092202.971:ERROR:process_memory_win.cc(73)] ReadMemory at 0x7ffe86060000 of 64 bytes failed: Only part of a ReadProcessMemory or WriteProcessMemory request was completed. (0x12B)
[0928/092202.971:WARNING:pe_image_reader.cc(340)] could not read dos header from C:\WINDOWS\System32\msvcrt.dll
[0928/092202.971:ERROR:process_memory_win.cc(73)] ReadMemory at 0x7ffe83180000 of 64 bytes failed: Only part of a ReadProcessMemory or WriteProcessMemory request was completed. (0x12B)
[0928/092202.971:WARNING:pe_image_reader.cc(340)] could not read dos header from C:\WINDOWS\System32\bcryptPrimitives.dll
[0928/092202.971:ERROR:process_memory_win.cc(73)] ReadMemory at 0x1997a3d0000 of 64 bytes failed: Only part of a ReadProcessMemory or WriteProcessMemory request was completed. (0x12B)
[0928/092202.971:WARNING:pe_image_reader.cc(340)] could not read dos header from C:\WINDOWS\System32\ADVAPI32.dll
[0928/092202.971:ERROR:process_memory_win.cc(73)] ReadMemory at 0x7ffe844c0000 of 64 bytes failed: Only part of a ReadProcessMemory or WriteProcessMemory request was completed. (0x12B)
[0928/092202.971:WARNING:pe_image_reader.cc(340)] could not read dos header from C:\WINDOWS\System32\sechost.dll
[0928/092202.971:ERROR:process_memory_win.cc(73)] ReadMemory at 0x7ffe84c10000 of 64 bytes failed: Only part of a ReadProcessMemory or WriteProcessMemory request was completed. (0x12B)
[0928/092202.971:WARNING:pe_image_reader.cc(340)] could not read dos header from C:\WINDOWS\System32\RPCRT4.dll
[0928/092202.971:ERROR:process_memory_win.cc(73)] ReadMemory at 0x7ffe4da70000 of 64 bytes failed: Only part of a ReadProcessMemory or WriteProcessMemory request was completed. (0x12B)
[0928/092202.971:WARNING:pe_image_reader.cc(340)] could not read dos header from C:\Program Files (x86)\Google\Chrome\Application\85.0.4183.121\chrome.dll
[0928/092202.971:ERROR:process_memory_win.cc(73)] ReadMemory at 0x7ffe84f20000 of 64 bytes failed: Only part of a ReadProcessMemory or WriteProcessMemory request was completed. (0x12B)
[0928/092202.971:WARNING:pe_image_reader.cc(340)] could not read dos header from C:\WINDOWS\System32\WS2_32.dll
[0928/092202.971:ERROR:process_memory_win.cc(73)] ReadMemory at 0x7ffe84560000 of 64 bytes failed: Only part of a ReadProcessMemory or WriteProcessMemory request was completed. (0x12B)
[0928/092202.971:WARNING:pe_image_reader.cc(340)] could not read dos header from C:\WINDOWS\System32\OLEAUT32.dll
[0928/092202.971:ERROR:process_memory_win.cc(73)] ReadMemory at 0x7ffe83300000 of 64 bytes failed: Only part of a ReadProcessMemory or WriteProcessMemory request was completed. (0x12B)
[0928/092202.971:WARNING:pe_image_reader.cc(340)] could not read dos header from C:\WINDOWS\System32\msvcp_win.dll
[0928/092202.971:ERROR:process_memory_win.cc(73)] ReadMemory at 0x7ffe83fa0000 of 64 bytes failed: Only part of a ReadProcessMemory or WriteProcessMemory request was completed. (0x12B)
[0928/092202.971:WARNING:pe_image_reader.cc(340)] could not read dos header from C:\WINDOWS\System32\ucrtbase.dll
[0928/092202.971:ERROR:process_memory_win.cc(73)] ReadMemory at 0x7ffe84760000 of 64 bytes failed: Only part of a ReadProcessMemory or WriteProcessMemory request was completed. (0x12B)
[0928/092202.971:WARNING:pe_image_reader.cc(340)] could not read dos header from C:\WINDOWS\System32\combase.dll
[0928/092202.971:ERROR:process_memory_win.cc(73)] ReadMemory at 0x7ffe832a0000 of 64 bytes failed: Only part of a ReadProcessMemory or WriteProcessMemory request was completed. (0x12B)
[0928/092202.971:WARNING:pe_image_reader.cc(340)] could not read dos header from C:\WINDOWS\System32\WINTRUST.dll
[0928/092202.971:ERROR:process_memory_win.cc(73)] ReadMemory at 0x7ffe830b0000 of 64 bytes failed: Only part of a ReadProcessMemory or WriteProcessMemory request was completed. (0x12B)
[0928/092202.971:WARNING:pe_image_reader.cc(340)] could not read dos header from C:\WINDOWS\System32\MSASN1.dll
[0928/092202.971:ERROR:process_memory_win.cc(73)] ReadMemory at 0x7ffe840a0000 of 64 bytes failed: Only part of a ReadProcessMemory or WriteProcessMemory request was completed. (0x12B)
[0928/092202.971:WARNING:pe_image_reader.cc(340)] could not read dos header from C:\WINDOWS\System32\CRYPT32.dll
[0928/092202.971:ERROR:process_memory_win.cc(73)] ReadMemory at 0x7ffe82500000 of 64 bytes failed: Only part of a ReadProcessMemory or WriteProcessMemory request was completed. (0x12B)
[0928/092202.971:WARNING:pe_image_reader.cc(340)] could not read dos header from C:\WINDOWS\SYSTEM32\IPHLPAPI.DLL
[0928/092202.971:ERROR:process_memory_win.cc(73)] ReadMemory at 0x7ffe7c700000 of 64 bytes failed: Only part of a ReadProcessMemory or WriteProcessMemory request was completed. (0x12B)
[0928/092202.971:WARNING:pe_image_reader.cc(340)] could not read dos header from C:\WINDOWS\SYSTEM32\WINMM.dll
[0928/092202.971:ERROR:process_memory_win.cc(73)] ReadMemory at 0x7ffe67750000 of 64 bytes failed: Only part of a ReadProcessMemory or WriteProcessMemory request was completed. (0x12B)
[0928/092202.971:WARNING:pe_image_reader.cc(340)] could not read dos header from C:\WINDOWS\SYSTEM32\UIAutomationCore.DLL
[0928/092202.971:ERROR:process_memory_win.cc(73)] ReadMemory at 0x7ffe7b640000 of 64 bytes failed: Only part of a ReadProcessMemory or WriteProcessMemory request was completed. (0x12B)
[0928/092202.971:WARNING:pe_image_reader.cc(340)] could not read dos header from C:\WINDOWS\SYSTEM32\Secur32.dll
[0928/092202.971:ERROR:process_memory_win.cc(73)] ReadMemory at 0x7ffe82f20000 of 64 bytes failed: Only part of a ReadProcessMemory or WriteProcessMemory request was completed. (0x12B)
[0928/092202.971:WARNING:pe_image_reader.cc(340)] could not read dos header from C:\WINDOWS\SYSTEM32\USERENV.dll
[0928/092202.971:ERROR:process_memory_win.cc(73)] ReadMemory at 0x7ffe83030000 of 64 bytes failed: Only part of a ReadProcessMemory or WriteProcessMemory request was completed. (0x12B)
[0928/092202.971:WARNING:pe_image_reader.cc(340)] could not read dos header from C:\WINDOWS\System32\profapi.dll
[0928/092202.971:ERROR:process_memory_win.cc(73)] ReadMemory at 0x7ffe77760000 of 64 bytes failed: Only part of a ReadProcessMemory or WriteProcessMemory request was completed. (0x12B)
[0928/092202.971:WARNING:pe_image_reader.cc(340)] could not read dos header from C:\WINDOWS\SYSTEM32\DWrite.dll
[0928/092202.971:ERROR:process_memory_win.cc(73)] ReadMemory at 0x7ffe7c8d0000 of 64 bytes failed: Only part of a ReadProcessMemory or WriteProcessMemory request was completed. (0x12B)
[0928/092202.971:WARNING:pe_image_reader.cc(340)] could not read dos header from C:\WINDOWS\SYSTEM32\WINSPOOL.DRV
[0928/092202.971:ERROR:process_memory_win.cc(73)] ReadMemory at 0x7ffe83010000 of 64 bytes failed: Only part of a ReadProcessMemory or WriteProcessMemory request was completed. (0x12B)
[0928/092202.971:WARNING:pe_image_reader.cc(340)] could not read dos header from C:\WINDOWS\System32\kernel.appcore.dll
[0928/092202.971:ERROR:process_memory_win.cc(73)] ReadMemory at 0x7ffe83250000 of 64 bytes failed: Only part of a ReadProcessMemory or WriteProcessMemory request was completed. (0x12B)
[0928/092202.971:WARNING:pe_image_reader.cc(340)] could not read dos header from C:\WINDOWS\System32\bcrypt.dll
[0928/092202.971:ERROR:process_memory_win.cc(73)] ReadMemory at 0x7ffe71db0000 of 64 bytes failed: Only part of a ReadProcessMemory or WriteProcessMemory request was completed. (0x12B)
[0928/092202.971:WARNING:pe_image_reader.cc(340)] could not read dos header from C:\WINDOWS\SYSTEM32\dbghelp.dll
[0928/092202.971:ERROR:process_memory_win.cc(73)] ReadMemory at 0x7ffe7aca0000 of 64 bytes failed: Only part of a ReadProcessMemory or WriteProcessMemory request was completed. (0x12B)
[0928/092202.971:WARNING:pe_image_reader.cc(340)] could not read dos header from C:\WINDOWS\SYSTEM32\WINHTTP.dll
[0928/092202.971:ERROR:process_memory_win.cc(73)] ReadMemory at 0x7ffe7af10000 of 64 bytes failed: Only part of a ReadProcessMemory or WriteProcessMemory request was completed. (0x12B)
[0928/092202.971:WARNING:pe_image_reader.cc(340)] could not read dos header from C:\WINDOWS\SYSTEM32\dhcpcsvc.DLL
[0928/092202.971:ERROR:process_memory_win.cc(73)] ReadMemory at 0x7ffe85400000 of 64 bytes failed: Only part of a ReadProcessMemory or WriteProcessMemory request was completed. (0x12B)
[0928/092202.971:WARNING:pe_image_reader.cc(340)] could not read dos header from C:\WINDOWS\System32\NSI.dll
[0928/092202.971:ERROR:process_memory_win.cc(73)] ReadMemory at 0x7ffe7c6b0000 of 64 bytes failed: Only part of a ReadProcessMemory or WriteProcessMemory request was completed. (0x12B)
[0928/092202.971:WARNING:pe_image_reader.cc(340)] could not read dos header from C:\WINDOWS\SYSTEM32\WINMMBASE.dll
[0928/092202.971:ERROR:process_memory_win.cc(73)] ReadMemory at 0x7ffe83200000 of 64 bytes failed: Only part of a ReadProcessMemory or WriteProcessMemory request was completed. (0x12B)
[0928/092202.971:WARNING:pe_image_reader.cc(340)] could not read dos header from C:\WINDOWS\System32\cfgmgr32.dll
[0928/092202.971:ERROR:process_memory_win.cc(73)] ReadMemory at 0x7ffe7ee90000 of 64 bytes failed: Only part of a ReadProcessMemory or WriteProcessMemory request was completed. (0x12B)
[0928/092202.971:WARNING:pe_image_reader.cc(340)] could not read dos header from C:\WINDOWS\SYSTEM32\PROPSYS.dll
[0928/092202.971:ERROR:process_memory_win.cc(73)] ReadMemory at 0x7ffe84d30000 of 64 bytes failed: Only part of a ReadProcessMemory or WriteProcessMemory request was completed. (0x12B)
[0928/092202.971:WARNING:pe_image_reader.cc(340)] could not read dos header from C:\WINDOWS\System32\shcore.dll
[0928/092202.971:ERROR:process_memory_win.cc(73)] ReadMemory at 0x7ffe82ee0000 of 64 bytes failed: Only part of a ReadProcessMemory or WriteProcessMemory request was completed. (0x12B)
[0928/092202.971:WARNING:pe_image_reader.cc(340)] could not read dos header from C:\WINDOWS\SYSTEM32\SSPICLI.DLL
[0928/092202.971:ERROR:process_memory_win.cc(73)] ReadMemory at 0x7ffe85770000 of 64 bytes failed: Only part of a ReadProcessMemory or WriteProcessMemory request was completed. (0x12B)
[0928/092202.971:WARNING:pe_image_reader.cc(340)] could not read dos header from C:\WINDOWS\System32\SHELL32.dll
[0928/092202.971:ERROR:process_memory_win.cc(73)] ReadMemory at 0x7ffe83540000 of 64 bytes failed: Only part of a ReadProcessMemory or WriteProcessMemory request was completed. (0x12B)
[0928/092202.971:WARNING:pe_image_reader.cc(340)] could not read dos header from C:\WINDOWS\System32\windows.storage.dll
[0928/092202.971:ERROR:process_memory_win.cc(73)] ReadMemory at 0x7ffe83060000 of 64 bytes failed: Only part of a ReadProcessMemory or WriteProcessMemory request was completed. (0x12B)
[0928/092202.971:WARNING:pe_image_reader.cc(340)] could not read dos header from C:\WINDOWS\System32\powrprof.dll
[0928/092202.971:ERROR:process_memory_win.cc(73)] ReadMemory at 0x7ffe83000000 of 64 bytes failed: Only part of a ReadProcessMemory or WriteProcessMemory request was completed. (0x12B)
[0928/092202.971:WARNING:pe_image_reader.cc(340)] could not read dos header from C:\WINDOWS\System32\UMPDC.dll
[0928/092202.971:ERROR:process_memory_win.cc(73)] ReadMemory at 0x7ffe85710000 of 64 bytes failed: Only part of a ReadProcessMemory or WriteProcessMemory request was completed. (0x12B)
[0928/092202.971:WARNING:pe_image_reader.cc(340)] could not read dos header from C:\WINDOWS\System32\shlwapi.dll
[0928/092202.971:ERROR:process_memory_win.cc(73)] ReadMemory at 0x7ffe84690000 of 64 bytes failed: Only part of a ReadProcessMemory or WriteProcessMemory request was completed. (0x12B)
[0928/092202.971:WARNING:pe_image_reader.cc(340)] could not read dos header from C:\WINDOWS\System32\GDI32.dll
[0928/092202.971:ERROR:process_memory_win.cc(73)] ReadMemory at 0x7ffe83f70000 of 64 bytes failed: Only part of a ReadProcessMemory or WriteProcessMemory request was completed. (0x12B)
[0928/092202.971:WARNING:pe_image_reader.cc(340)] could not read dos header from C:\WINDOWS\System32\win32u.dll
[0928/092202.971:ERROR:process_memory_win.cc(73)] ReadMemory at 0x7ffe833a0000 of 64 bytes failed: Only part of a ReadProcessMemory or WriteProcessMemory request was completed. (0x12B)
[0928/092202.971:WARNING:pe_image_reader.cc(340)] could not read dos header from C:\WINDOWS\System32\gdi32full.dll
[0928/092202.971:ERROR:process_memory_win.cc(73)] ReadMemory at 0x7ffe84320000 of 64 bytes failed: Only part of a ReadProcessMemory or WriteProcessMemory request was completed. (0x12B)
[0928/092202.971:WARNING:pe_image_reader.cc(340)] could not read dos header from C:\WINDOWS\System32\USER32.dll
[0928/092202.971:ERROR:process_memory_win.cc(73)] ReadMemory at 0x7ffe83280000 of 64 bytes failed: Only part of a ReadProcessMemory or WriteProcessMemory request was completed. (0x12B)
[0928/092202.971:WARNING:pe_image_reader.cc(340)] could not read dos header from C:\WINDOWS\System32\cryptsp.dll
[0928/092202.971:ERROR:process_memory_win.cc(73)] ReadMemory at 0x19901520000 of 64 bytes failed: Only part of a ReadProcessMemory or WriteProcessMemory request was completed. (0x12B)
[0928/092202.971:WARNING:pe_image_reader.cc(340)] could not read dos header from C:\WINDOWS\System32\IMM32.DLL
[0928/092202.971:ERROR:process_memory_win.cc(73)] ReadMemory at 0x7ffe829c0000 of 64 bytes failed: Only part of a ReadProcessMemory or WriteProcessMemory request was completed. (0x12B)
[0928/092202.971:WARNING:pe_image_reader.cc(340)] could not read dos header from C:\WINDOWS\SYSTEM32\CRYPTBASE.DLL
[0928/092202.999:ERROR:process_memory_win.cc(73)] ReadMemory at 0x836dbe1000 of 126976 bytes failed: Only part of a ReadProcessMemory or WriteProcessMemory request was completed. (0x12B)
[0928/092202.999:ERROR:process_memory_win.cc(73)] ReadMemory at 0x836e3fd000 of 12288 bytes failed: Only part of a ReadProcessMemory or WriteProcessMemory request was completed. (0x12B)
[0928/092202.999:ERROR:process_memory_win.cc(73)] ReadMemory at 0x836f3fc000 of 16384 bytes failed: Only part of a ReadProcessMemory or WriteProcessMemory request was completed. (0x12B)
[0928/092202.999:ERROR:process_memory_win.cc(73)] ReadMemory at 0x836fbfb000 of 20480 bytes failed: Only part of a ReadProcessMemory or WriteProcessMemory request was completed. (0x12B)
[0928/092202.999:ERROR:process_memory_win.cc(73)] ReadMemory at 0x83703ff000 of 4096 bytes failed: Only part of a ReadProcessMemory or WriteProcessMemory request was completed. (0x12B)
[0928/092203.003:ERROR:process_memory_win.cc(73)] ReadMemory at 0x8370bfd000 of 12288 bytes failed: Only part of a ReadProcessMemory or WriteProcessMemory request was completed. (0x12B)
[0928/092203.003:ERROR:process_memory_win.cc(73)] ReadMemory at 0x83713fc000 of 16384 bytes failed: Only part of a ReadProcessMemory or WriteProcessMemory request was completed. (0x12B)
[0928/092203.003:ERROR:process_memory_win.cc(73)] ReadMemory at 0x8371bfd000 of 12288 bytes failed: Only part of a ReadProcessMemory or WriteProcessMemory request was completed. (0x12B)
[0928/092203.003:ERROR:process_memory_win.cc(73)] ReadMemory at 0x83723f6000 of 40960 bytes failed: Only part of a ReadProcessMemory or WriteProcessMemory request was completed. (0x12B)
[0928/092203.003:ERROR:process_memory_win.cc(73)] ReadMemory at 0x8372bf6000 of 40960 bytes failed: Only part of a ReadProcessMemory or WriteProcessMemory request was completed. (0x12B)
[0928/092203.003:ERROR:process_memory_win.cc(73)] ReadMemory at 0x83733fd000 of 12288 bytes failed: Only part of a ReadProcessMemory or WriteProcessMemory request was completed. (0x12B)
[0928/092203.003:ERROR:process_memory_win.cc(73)] ReadMemory at 0x83743f7000 of 36864 bytes failed: Only part of a ReadProcessMemory or WriteProcessMemory request was completed. (0x12B)
[0928/092203.003:ERROR:process_memory_win.cc(73)] ReadMemory at 0x8373bfd000 of 12288 bytes failed: Only part of a ReadProcessMemory or WriteProcessMemory request was completed. (0x12B)
[0928/092203.003:ERROR:process_memory_win.cc(73)] ReadMemory at 0x83753fc000 of 16384 bytes failed: Only part of a ReadProcessMemory or WriteProcessMemory request was completed. (0x12B)
[0928/092203.003:ERROR:process_memory_win.cc(73)] ReadMemory at 0x836ebfc000 of 16384 bytes failed: Only part of a ReadProcessMemory or WriteProcessMemory request was completed. (0x12B)
[0928/092203.003:ERROR:process_memory_win.cc(73)] ReadMemory at 0x8374bf9000 of 28672 bytes failed: Only part of a ReadProcessMemory or WriteProcessMemory request was completed. (0x12B)
[0928/092203.003:ERROR:process_memory_win.cc(73)] ReadMemory at 0x836d2d9000 of 852 bytes failed: Only part of a ReadProcessMemory or WriteProcessMemory request was completed. (0x12B)
[0928/092203.003:ERROR:process_memory_win.cc(73)] ReadMemory at 0x836d2da000 of 6024 bytes failed: Only part of a ReadProcessMemory or WriteProcessMemory request was completed. (0x12B)
[0928/092203.003:ERROR:process_memory_win.cc(73)] ReadMemory at 0x836d2dc000 of 6024 bytes failed: Only part of a ReadProcessMemory or WriteProcessMemory request was completed. (0x12B)
[0928/092203.003:ERROR:process_memory_win.cc(73)] ReadMemory at 0x836d2e0000 of 6024 bytes failed: Only part of a ReadProcessMemory or WriteProcessMemory request was completed. (0x12B)
[0928/092203.003:ERROR:process_memory_win.cc(73)] ReadMemory at 0x836d2e2000 of 6024 bytes failed: Only part of a ReadProcessMemory or WriteProcessMemory request was completed. (0x12B)
[0928/092203.003:ERROR:process_memory_win.cc(73)] ReadMemory at 0x836d2e4000 of 6024 bytes failed: Only part of a ReadProcessMemory or WriteProcessMemory request was completed. (0x12B)
[0928/092203.003:ERROR:process_memory_win.cc(73)] ReadMemory at 0x836d2e6000 of 6024 bytes failed: Only part of a ReadProcessMemory or WriteProcessMemory request was completed. (0x12B)
[0928/092203.003:ERROR:process_memory_win.cc(73)] ReadMemory at 0x836d2e8000 of 6024 bytes failed: Only part of a ReadProcessMemory or WriteProcessMemory request was completed. (0x12B)
[0928/092203.003:ERROR:process_memory_win.cc(73)] ReadMemory at 0x836d2ea000 of 6024 bytes failed: Only part of a ReadProcessMemory or WriteProcessMemory request was completed. (0x12B)
[0928/092203.003:ERROR:process_memory_win.cc(73)] ReadMemory at 0x836d2ec000 of 6024 bytes failed: Only part of a ReadProcessMemory or WriteProcessMemory request was completed. (0x12B)
[0928/092203.003:ERROR:process_memory_win.cc(73)] ReadMemory at 0x836d2ee000 of 6024 bytes failed: Only part of a ReadProcessMemory or WriteProcessMemory request was completed. (0x12B)
[0928/092203.003:ERROR:process_memory_win.cc(73)] ReadMemory at 0x836d2f0000 of 6024 bytes failed: Only part of a ReadProcessMemory or WriteProcessMemory request was completed. (0x12B)
[0928/092203.003:ERROR:process_memory_win.cc(73)] ReadMemory at 0x836d2f4000 of 6024 bytes failed: Only part of a ReadProcessMemory or WriteProcessMemory request was completed. (0x12B)
[0928/092203.003:ERROR:process_memory_win.cc(73)] ReadMemory at 0x836d2fa000 of 6024 bytes failed: Only part of a ReadProcessMemory or WriteProcessMemory request was completed. (0x12B)
[0928/092203.003:ERROR:process_memory_win.cc(73)] ReadMemory at 0x836d300000 of 6024 bytes failed: Only part of a ReadProcessMemory or WriteProcessMemory request was completed. (0x12B)
[0928/092203.003:ERROR:process_memory_win.cc(73)] ReadMemory at 0x836d302000 of 6024 bytes failed: Only part of a ReadProcessMemory or WriteProcessMemory request was completed. (0x12B)
[0928/092203.003:ERROR:process_memory_win.cc(73)] ReadMemory at 0x836d304000 of 6024 bytes failed: Only part of a ReadProcessMemory or WriteProcessMemory request was completed. (0x12B)
[0928/092203.003:ERROR:process_memory_win.cc(73)] ReadMemory at 0x19901685050 of 512 bytes failed: Only part of a ReadProcessMemory or WriteProcessMemory request was completed. (0x12B)
[0928/092203.003:ERROR:process_memory_win.cc(73)] ReadMemory at 0x199019f1590 of 512 bytes failed: Only part of a ReadProcessMemory or WriteProcessMemory request was completed. (0x12B)
[0928/092203.003:ERROR:process_memory_win.cc(73)] ReadMemory at 0x199034134d0 of 512 bytes failed: Only part of a ReadProcessMemory or WriteProcessMemory request was completed. (0x12B)
[0928/092203.003:ERROR:process_memory_win.cc(73)] ReadMemory at 0x19903747b80 of 512 bytes failed: Only part of a ReadProcessMemory or WriteProcessMemory request was completed. (0x12B)
[0928/092203.003:ERROR:process_memory_win.cc(73)] ReadMemory at 0x19903effbb0 of 595 bytes failed: Only part of a ReadProcessMemory or WriteProcessMemory request was completed. (0x12B)
[0928/092203.003:ERROR:process_memory_win.cc(73)] ReadMemory at 0x19904361000 of 512 bytes failed: Only part of a ReadProcessMemory or WriteProcessMemory request was completed. (0x12B)
[0928/092203.007:ERROR:process_memory_win.cc(73)] ReadMemory at 0x199064e3000 of 400 bytes failed: Only part of a ReadProcessMemory or WriteProcessMemory request was completed. (0x12B)
[0928/092203.007:ERROR:process_memory_win.cc(73)] ReadMemory at 0x199065740b0 of 512 bytes failed: Only part of a ReadProcessMemory or WriteProcessMemory request was completed. (0x12B)
[0928/092203.007:ERROR:process_memory_win.cc(73)] ReadMemory at 0x1997a221840 of 512 bytes failed: Only part of a ReadProcessMemory or WriteProcessMemory request was completed. (0x12B)
[0928/092203.007:ERROR:process_memory_win.cc(73)] ReadMemory at 0x1997a2d0fe0 of 4232 bytes failed: Only part of a ReadProcessMemory or WriteProcessMemory request was completed. (0x12B)
[0928/092203.007:ERROR:process_memory_win.cc(73)] ReadMemory at 0x1997a2d2070 of 1012 bytes failed: Only part of a ReadProcessMemory or WriteProcessMemory request was completed. (0x12B)
[0928/092203.007:ERROR:process_memory_win.cc(73)] ReadMemory at 0x1997a2d26b8 of 118 bytes failed: Only part of a ReadProcessMemory or WriteProcessMemory request was completed. (0x12B)
[0928/092203.007:ERROR:process_memory_win.cc(73)] ReadMemory at 0x1997a2d2730 of 1188 bytes failed: Only part of a ReadProcessMemory or WriteProcessMemory request was completed. (0x12B)
[0928/092203.007:ERROR:process_memory_win.cc(73)] ReadMemory at 0x1997a2d2bd6 of 118 bytes failed: Only part of a ReadProcessMemory or WriteProcessMemory request was completed. (0x12B)
[0928/092203.007:ERROR:process_memory_win.cc(73)] ReadMemory at 0x1997a2d2c4e of 102 bytes failed: Only part of a ReadProcessMemory or WriteProcessMemory request was completed. (0x12B)
[0928/092203.007:ERROR:process_memory_win.cc(73)] ReadMemory at 0x1997a2d2cc0 of 58 bytes failed: Only part of a ReadProcessMemory or WriteProcessMemory request was completed. (0x12B)
[0928/092203.007:ERROR:process_memory_win.cc(73)] ReadMemory at 0x1997a2d2dc0 of 132 bytes failed: Only part of a ReadProcessMemory or WriteProcessMemory request was completed. (0x12B)
[0928/092203.007:ERROR:process_memory_win.cc(73)] ReadMemory at 0x1997a2d2f50 of 132 bytes failed: Only part of a ReadProcessMemory or WriteProcessMemory request was completed. (0x12B)
[0928/092203.007:ERROR:process_memory_win.cc(73)] ReadMemory at 0x1997a2d3110 of 126 bytes failed: Only part of a ReadProcessMemory or WriteProcessMemory request was completed. (0x12B)
[0928/092203.007:ERROR:process_memory_win.cc(73)] ReadMemory at 0x1997a2d34f0 of 132 bytes failed: Only part of a ReadProcessMemory or WriteProcessMemory request was completed. (0x12B)
[0928/092203.007:ERROR:process_memory_win.cc(73)] ReadMemory at 0x1997a2d3680 of 64 bytes failed: Only part of a ReadProcessMemory or WriteProcessMemory request was completed. (0x12B)
[0928/092203.007:ERROR:process_memory_win.cc(73)] ReadMemory at 0x1997a2d37b0 of 132 bytes failed: Only part of a ReadProcessMemory or WriteProcessMemory request was completed. (0x12B)
[0928/092203.007:ERROR:process_memory_win.cc(73)] ReadMemory at 0x1997a2d3ae0 of 132 bytes failed: Only part of a ReadProcessMemory or WriteProcessMemory request was completed. (0x12B)
[0928/092203.007:ERROR:process_memory_win.cc(73)] ReadMemory at 0x1997a2d3c70 of 68 bytes failed: Only part of a ReadProcessMemory or WriteProcessMemory request was completed. (0x12B)
[0928/092203.007:ERROR:process_memory_win.cc(73)] ReadMemory at 0x1997a2d4ea0 of 132 bytes failed: Only part of a ReadProcessMemory or WriteProcessMemory request was completed. (0x12B)
[0928/092203.007:ERROR:process_memory_win.cc(73)] ReadMemory at 0x1997a2d4fd0 of 154 bytes failed: Only part of a ReadProcessMemory or WriteProcessMemory request was completed. (0x12B)
[0928/092203.007:ERROR:process_memory_win.cc(73)] ReadMemory at 0x1997a2d5d80 of 62 bytes failed: Only part of a ReadProcessMemory or WriteProcessMemory request was completed. (0x12B)
[0928/092203.007:ERROR:process_memory_win.cc(73)] ReadMemory at 0x1997a2d6370 of 132 bytes failed: Only part of a ReadProcessMemory or WriteProcessMemory request was completed. (0x12B)
[0928/092203.007:ERROR:process_memory_win.cc(73)] ReadMemory at 0x1997a2d64a0 of 60 bytes failed: Only part of a ReadProcessMemory or WriteProcessMemory request was completed. (0x12B)
[0928/092203.007:ERROR:process_memory_win.cc(73)] ReadMemory at 0x1997a2da790 of 80 bytes failed: Only part of a ReadProcessMemory or WriteProcessMemory request was completed. (0x12B)
[0928/092203.007:ERROR:process_memory_win.cc(73)] ReadMemory at 0x1997a2de1a0 of 54 bytes failed: Only part of a ReadProcessMemory or WriteProcessMemory request was completed. (0x12B)
[0928/092203.007:ERROR:process_memory_win.cc(73)] ReadMemory at 0x1997a2ded80 of 62 bytes failed: Only part of a ReadProcessMemory or WriteProcessMemory request was completed. (0x12B)
[0928/092203.007:ERROR:process_memory_win.cc(73)] ReadMemory at 0x1997a2df05c of 512 bytes failed: Only part of a ReadProcessMemory or WriteProcessMemory request was completed. (0x12B)
[0928/092203.007:ERROR:process_memory_win.cc(73)] ReadMemory at 0x1997a2e39d0 of 132 bytes failed: Only part of a ReadProcessMemory or WriteProcessMemory request was completed. (0x12B)
[0928/092203.007:ERROR:process_memory_win.cc(73)] ReadMemory at 0x1997a2e3cc0 of 132 bytes failed: Only part of a ReadProcessMemory or WriteProcessMemory request was completed. (0x12B)
[0928/092203.007:ERROR:process_memory_win.cc(73)] ReadMemory at 0x1997a2e47f0 of 132 bytes failed: Only part of a ReadProcessMemory or WriteProcessMemory request was completed. (0x12B)
[0928/092203.007:ERROR:process_memory_win.cc(73)] ReadMemory at 0x1997a2e4970 of 132 bytes failed: Only part of a ReadProcessMemory or WriteProcessMemory request was completed. (0x12B)
[0928/092203.007:ERROR:process_memory_win.cc(73)] ReadMemory at 0x1997a2e4aa0 of 132 bytes failed: Only part of a ReadProcessMemory or WriteProcessMemory request was completed. (0x12B)
[0928/092203.007:ERROR:process_memory_win.cc(73)] ReadMemory at 0x1997a2e4bd0 of 132 bytes failed: Only part of a ReadProcessMemory or WriteProcessMemory request was completed. (0x12B)
[0928/092203.007:ERROR:process_memory_win.cc(73)] ReadMemory at 0x1997a2e4d00 of 132 bytes failed: Only part of a ReadProcessMemory or WriteProcessMemory request was completed. (0x12B)
[0928/092203.007:ERROR:process_memory_win.cc(73)] ReadMemory at 0x1997a2e4e30 of 132 bytes failed: Only part of a ReadProcessMemory or WriteProcessMemory request was completed. (0x12B)
[0928/092203.007:ERROR:process_memory_win.cc(73)] ReadMemory at 0x1997a2e4f60 of 132 bytes failed: Only part of a ReadProcessMemory or WriteProcessMemory request was completed. (0x12B)
[0928/092203.007:ERROR:process_memory_win.cc(73)] ReadMemory at 0x1997a2e5090 of 132 bytes failed: Only part of a ReadProcessMemory or WriteProcessMemory request was completed. (0x12B)
[0928/092203.007:ERROR:process_memory_win.cc(73)] ReadMemory at 0x1997a2e51c0 of 132 bytes failed: Only part of a ReadProcessMemory or WriteProcessMemory request was completed. (0x12B)
[0928/092203.007:ERROR:process_memory_win.cc(73)] ReadMemory at 0x1997a2e5420 of 132 bytes failed: Only part of a ReadProcessMemory or WriteProcessMemory request was completed. (0x12B)
[0928/092203.007:ERROR:process_memory_win.cc(73)] ReadMemory at 0x1997a2e5550 of 132 bytes failed: Only part of a ReadProcessMemory or WriteProcessMemory request was completed. (0x12B)
[0928/092203.007:ERROR:process_memory_win.cc(73)] ReadMemory at 0x1997a2e5680 of 132 bytes failed: Only part of a ReadProcessMemory or WriteProcessMemory request was completed. (0x12B)
[0928/092203.007:ERROR:process_memory_win.cc(73)] ReadMemory at 0x1997a2e57b0 of 132 bytes failed: Only part of a ReadProcessMemory or WriteProcessMemory request was completed. (0x12B)
[0928/092203.007:ERROR:process_memory_win.cc(73)] ReadMemory at 0x1997a2e7ba0 of 132 bytes failed: Only part of a ReadProcessMemory or WriteProcessMemory request was completed. (0x12B)
[0928/092203.007:ERROR:process_memory_win.cc(73)] ReadMemory at 0x1997a2e80d0 of 132 bytes failed: Only part of a ReadProcessMemory or WriteProcessMemory request was completed. (0x12B)
[0928/092203.007:ERROR:process_memory_win.cc(73)] ReadMemory at 0x1997a2e86b0 of 132 bytes failed: Only part of a ReadProcessMemory or WriteProcessMemory request was completed. (0x12B)
[0928/092203.007:ERROR:process_memory_win.cc(73)] ReadMemory at 0x1997a2ea410 of 66 bytes failed: Only part of a ReadProcessMemory or WriteProcessMemory request was completed. (0x12B)
[0928/092203.007:ERROR:process_memory_win.cc(73)] ReadMemory at 0x1997a2ea460 of 60 bytes failed: Only part of a ReadProcessMemory or WriteProcessMemory request was completed. (0x12B)
[0928/092203.007:ERROR:process_memory_win.cc(73)] ReadMemory at 0x1997a2ea500 of 62 bytes failed: Only part of a ReadProcessMemory or WriteProcessMemory request was completed. (0x12B)
[0928/092203.007:ERROR:process_memory_win.cc(73)] ReadMemory at 0x1997a2ea550 of 60 bytes failed: Only part of a ReadProcessMemory or WriteProcessMemory request was completed. (0x12B)
[0928/092203.007:ERROR:process_memory_win.cc(73)] ReadMemory at 0x1997a2ea690 of 62 bytes failed: Only part of a ReadProcessMemory or WriteProcessMemory request was completed. (0x12B)
[0928/092203.007:ERROR:process_memory_win.cc(73)] ReadMemory at 0x1997a2ea6e0 of 64 bytes failed: Only part of a ReadProcessMemory or WriteProcessMemory request was completed. (0x12B)
[0928/092203.007:ERROR:process_memory_win.cc(73)] ReadMemory at 0x1997a2ea730 of 62 bytes failed: Only part of a ReadProcessMemory or WriteProcessMemory request was completed. (0x12B)
[0928/092203.007:ERROR:process_memory_win.cc(73)] ReadMemory at 0x1997a2ea7d0 of 60 bytes failed: Only part of a ReadProcessMemory or WriteProcessMemory request was completed. (0x12B)
[0928/092203.007:ERROR:process_memory_win.cc(73)] ReadMemory at 0x1997a2ea820 of 62 bytes failed: Only part of a ReadProcessMemory or WriteProcessMemory request was completed. (0x12B)
[0928/092203.011:ERROR:process_memory_win.cc(73)] ReadMemory at 0x1997a2ea870 of 62 bytes failed: Only part of a ReadProcessMemory or WriteProcessMemory request was completed. (0x12B)
[0928/092203.011:ERROR:process_memory_win.cc(73)] ReadMemory at 0x1997a2ea8c0 of 62 bytes failed: Only part of a ReadProcessMemory or WriteProcessMemory request was completed. (0x12B)
[0928/092203.011:ERROR:process_memory_win.cc(73)] ReadMemory at 0x1997a2ea9b0 of 60 bytes failed: Only part of a ReadProcessMemory or WriteProcessMemory request was completed. (0x12B)
[0928/092203.011:ERROR:process_memory_win.cc(73)] ReadMemory at 0x1997a2eaa00 of 60 bytes failed: Only part of a ReadProcessMemory or WriteProcessMemory request was completed. (0x12B)
[0928/092203.011:ERROR:process_memory_win.cc(73)] ReadMemory at 0x1997a2eaaa0 of 64 bytes failed: Only part of a ReadProcessMemory or WriteProcessMemory request was completed. (0x12B)
[0928/092203.011:ERROR:process_memory_win.cc(73)] ReadMemory at 0x1997a2eab40 of 62 bytes failed: Only part of a ReadProcessMemory or WriteProcessMemory request was completed. (0x12B)
[0928/092203.011:ERROR:process_memory_win.cc(73)] ReadMemory at 0x1997a2eab90 of 64 bytes failed: Only part of a ReadProcessMemory or WriteProcessMemory request was completed. (0x12B)
[0928/092203.011:ERROR:process_memory_win.cc(73)] ReadMemory at 0x1997a2ead70 of 64 bytes failed: Only part of a ReadProcessMemory or WriteProcessMemory request was completed. (0x12B)
[0928/092203.011:ERROR:process_memory_win.cc(73)] ReadMemory at 0x1997a2eae10 of 58 bytes failed: Only part of a ReadProcessMemory or WriteProcessMemory request was completed. (0x12B)
[0928/092203.011:ERROR:process_memory_win.cc(73)] ReadMemory at 0x1997a2eaeb0 of 66 bytes failed: Only part of a ReadProcessMemory or WriteProcessMemory request was completed. (0x12B)
[0928/092203.011:ERROR:process_memory_win.cc(73)] ReadMemory at 0x1997a2eaf50 of 64 bytes failed: Only part of a ReadProcessMemory or WriteProcessMemory request was completed. (0x12B)
[0928/092203.011:ERROR:process_memory_win.cc(73)] ReadMemory at 0x1997a2eafa0 of 64 bytes failed: Only part of a ReadProcessMemory or WriteProcessMemory request was completed. (0x12B)
[0928/092203.011:ERROR:process_memory_win.cc(73)] ReadMemory at 0x1997a2eaff0 of 64 bytes failed: Only part of a ReadProcessMemory or WriteProcessMemory request was completed. (0x12B)
[0928/092203.011:ERROR:process_memory_win.cc(73)] ReadMemory at 0x1997a2eb040 of 64 bytes failed: Only part of a ReadProcessMemory or WriteProcessMemory request was completed. (0x12B)
[0928/092203.011:ERROR:process_memory_win.cc(73)] ReadMemory at 0x1997a2eb130 of 62 bytes failed: Only part of a ReadProcessMemory or WriteProcessMemory request was completed. (0x12B)
[0928/092203.011:ERROR:process_memory_win.cc(73)] ReadMemory at 0x1997a2eb220 of 60 bytes failed: Only part of a ReadProcessMemory or WriteProcessMemory request was completed. (0x12B)
[0928/092203.011:ERROR:process_memory_win.cc(73)] ReadMemory at 0x1997a2eb270 of 62 bytes failed: Only part of a ReadProcessMemory or WriteProcessMemory request was completed. (0x12B)
[0928/092203.011:ERROR:process_memory_win.cc(73)] ReadMemory at 0x1997a2ed3a0 of 146 bytes failed: Only part of a ReadProcessMemory or WriteProcessMemory request was completed. (0x12B)
[0928/092203.011:ERROR:process_memory_win.cc(73)] ReadMemory at 0x1997a2f0400 of 132 bytes failed: Only part of a ReadProcessMemory or WriteProcessMemory request was completed. (0x12B)
[0928/092203.011:ERROR:process_memory_win.cc(73)] ReadMemory at 0x1997a2f0620 of 132 bytes failed: Only part of a ReadProcessMemory or WriteProcessMemory request was completed. (0x12B)
[0928/092203.011:ERROR:process_memory_win.cc(73)] ReadMemory at 0x1997a2f0980 of 132 bytes failed: Only part of a ReadProcessMemory or WriteProcessMemory request was completed. (0x12B)
[0928/092203.011:ERROR:process_memory_win.cc(73)] ReadMemory at 0x1997a2f0ab0 of 132 bytes failed: Only part of a ReadProcessMemory or WriteProcessMemory request was completed. (0x12B)
[0928/092203.011:ERROR:process_memory_win.cc(73)] ReadMemory at 0x1997a2f1400 of 80 bytes failed: Only part of a ReadProcessMemory or WriteProcessMemory request was completed. (0x12B)
[0928/092203.011:ERROR:process_memory_win.cc(73)] ReadMemory at 0x1997a2f1460 of 76 bytes failed: Only part of a ReadProcessMemory or WriteProcessMemory request was completed. (0x12B)
[0928/092203.011:ERROR:process_memory_win.cc(73)] ReadMemory at 0x1997a2f1f90 of 132 bytes failed: Only part of a ReadProcessMemory or WriteProcessMemory request was completed. (0x12B)
[0928/092203.011:ERROR:process_memory_win.cc(73)] ReadMemory at 0x1997a2f20c0 of 132 bytes failed: Only part of a ReadProcessMemory or WriteProcessMemory request was completed. (0x12B)
[0928/092203.011:ERROR:process_memory_win.cc(73)] ReadMemory at 0x1997a2f21f0 of 132 bytes failed: Only part of a ReadProcessMemory or WriteProcessMemory request was completed. (0x12B)
[0928/092203.011:ERROR:process_memory_win.cc(73)] ReadMemory at 0x1997a2f2320 of 132 bytes failed: Only part of a ReadProcessMemory or WriteProcessMemory request was completed. (0x12B)
[0928/092203.011:ERROR:process_memory_win.cc(73)] ReadMemory at 0x1997a2f2450 of 132 bytes failed: Only part of a ReadProcessMemory or WriteProcessMemory request was completed. (0x12B)
[0928/092203.011:ERROR:process_memory_win.cc(73)] ReadMemory at 0x1997a2f2580 of 132 bytes failed: Only part of a ReadProcessMemory or WriteProcessMemory request was completed. (0x12B)
[0928/092203.011:ERROR:process_memory_win.cc(73)] ReadMemory at 0x1997a2f26b0 of 132 bytes failed: Only part of a ReadProcessMemory or WriteProcessMemory request was completed. (0x12B)
[0928/092203.011:ERROR:process_memory_win.cc(73)] ReadMemory at 0x1997a2f27e0 of 132 bytes failed: Only part of a ReadProcessMemory or WriteProcessMemory request was completed. (0x12B)
[0928/092203.011:ERROR:process_memory_win.cc(73)] ReadMemory at 0x1997a2f2910 of 132 bytes failed: Only part of a ReadProcessMemory or WriteProcessMemory request was completed. (0x12B)
[0928/092203.011:ERROR:process_memory_win.cc(73)] ReadMemory at 0x1997a2f2a40 of 132 bytes failed: Only part of a ReadProcessMemory or WriteProcessMemory request was completed. (0x12B)
[0928/092203.011:ERROR:process_memory_win.cc(73)] ReadMemory at 0x1997a2f2b70 of 132 bytes failed: Only part of a ReadProcessMemory or WriteProcessMemory request was completed. (0x12B)
[0928/092203.011:ERROR:process_memory_win.cc(73)] ReadMemory at 0x1997a2f3030 of 132 bytes failed: Only part of a ReadProcessMemory or WriteProcessMemory request was completed. (0x12B)
[0928/092203.011:ERROR:process_memory_win.cc(73)] ReadMemory at 0x1997a2f33c0 of 132 bytes failed: Only part of a ReadProcessMemory or WriteProcessMemory request was completed. (0x12B)
[0928/092203.011:ERROR:process_memory_win.cc(73)] ReadMemory at 0x1997a2f34f0 of 132 bytes failed: Only part of a ReadProcessMemory or WriteProcessMemory request was completed. (0x12B)
[0928/092203.011:ERROR:process_memory_win.cc(73)] ReadMemory at 0x1997a2f3620 of 132 bytes failed: Only part of a ReadProcessMemory or WriteProcessMemory request was completed. (0x12B)
[0928/092203.011:ERROR:process_memory_win.cc(73)] ReadMemory at 0x1997a2f3750 of 132 bytes failed: Only part of a ReadProcessMemory or WriteProcessMemory request was completed. (0x12B)
[0928/092203.011:ERROR:process_memory_win.cc(73)] ReadMemory at 0x1997a2f3880 of 132 bytes failed: Only part of a ReadProcessMemory or WriteProcessMemory request was completed. (0x12B)
[0928/092203.011:ERROR:process_memory_win.cc(73)] ReadMemory at 0x1997a2f39b0 of 132 bytes failed: Only part of a ReadProcessMemory or WriteProcessMemory request was completed. (0x12B)
[0928/092203.011:ERROR:process_memory_win.cc(73)] ReadMemory at 0x1997a2f3ae0 of 132 bytes failed: Only part of a ReadProcessMemory or WriteProcessMemory request was completed. (0x12B)
[0928/092203.011:ERROR:process_memory_win.cc(73)] ReadMemory at 0x1997a2f3c10 of 132 bytes failed: Only part of a ReadProcessMemory or WriteProcessMemory request was completed. (0x12B)
[0928/092203.011:ERROR:process_memory_win.cc(73)] ReadMemory at 0x1997a2f3d40 of 132 bytes failed: Only part of a ReadProcessMemory or WriteProcessMemory request was completed. (0x12B)
[0928/092203.011:ERROR:process_memory_win.cc(73)] ReadMemory at 0x1997a3141e0 of 62 bytes failed: Only part of a ReadProcessMemory or WriteProcessMemory request was completed. (0x12B)
[0928/092203.011:ERROR:process_memory_win.cc(73)] ReadMemory at 0x1997a314320 of 62 bytes failed: Only part of a ReadProcessMemory or WriteProcessMemory request was completed. (0x12B)
[0928/092203.011:ERROR:process_memory_win.cc(73)] ReadMemory at 0x1997a314410 of 60 bytes failed: Only part of a ReadProcessMemory or WriteProcessMemory request was completed. (0x12B)
[0928/092203.015:ERROR:process_memory_win.cc(73)] ReadMemory at 0x1997a314780 of 66 bytes failed: Only part of a ReadProcessMemory or WriteProcessMemory request was completed. (0x12B)
[0928/092203.015:ERROR:process_memory_win.cc(73)] ReadMemory at 0x1997a314910 of 58 bytes failed: Only part of a ReadProcessMemory or WriteProcessMemory request was completed. (0x12B)
[0928/092203.015:ERROR:process_memory_win.cc(73)] ReadMemory at 0x1997a314be0 of 62 bytes failed: Only part of a ReadProcessMemory or WriteProcessMemory request was completed. (0x12B)
[0928/092203.015:ERROR:process_memory_win.cc(73)] ReadMemory at 0x1997a314d20 of 58 bytes failed: Only part of a ReadProcessMemory or WriteProcessMemory request was completed. (0x12B)
[0928/092203.015:ERROR:process_memory_win.cc(73)] ReadMemory at 0x1997a314dc0 of 58 bytes failed: Only part of a ReadProcessMemory or WriteProcessMemory request was completed. (0x12B)
[0928/092203.015:ERROR:process_memory_win.cc(73)] ReadMemory at 0x1997a314f00 of 64 bytes failed: Only part of a ReadProcessMemory or WriteProcessMemory request was completed. (0x12B)
[0928/092203.015:ERROR:process_memory_win.cc(73)] ReadMemory at 0x1997a314fa0 of 60 bytes failed: Only part of a ReadProcessMemory or WriteProcessMemory request was completed. (0x12B)
[0928/092203.015:ERROR:process_memory_win.cc(73)] ReadMemory at 0x1997a315658 of 512 bytes failed: Only part of a ReadProcessMemory or WriteProcessMemory request was completed. (0x12B)
[0928/092203.015:ERROR:process_memory_win.cc(73)] ReadMemory at 0x1997a329660 of 78 bytes failed: Only part of a ReadProcessMemory or WriteProcessMemory request was completed. (0x12B)
[0928/092203.015:ERROR:process_memory_win.cc(73)] ReadMemory at 0x1997a34c4c0 of 512 bytes failed: Only part of a ReadProcessMemory or WriteProcessMemory request was completed. (0x12B)
[0928/092203.015:ERROR:process_memory_win.cc(73)] ReadMemory at 0x1997a34efc0 of 512 bytes failed: Only part of a ReadProcessMemory or WriteProcessMemory request was completed. (0x12B)
[0928/092203.015:ERROR:process_memory_win.cc(73)] ReadMemory at 0x1997a3529d0 of 512 bytes failed: Only part of a ReadProcessMemory or WriteProcessMemory request was completed. (0x12B)
[0928/092203.015:ERROR:process_memory_win.cc(73)] ReadMemory at 0x1997a3537e8 of 512 bytes failed: Only part of a ReadProcessMemory or WriteProcessMemory request was completed. (0x12B)
[0928/092203.015:ERROR:process_memory_win.cc(73)] ReadMemory at 0x1997a3580a0 of 568 bytes failed: Only part of a ReadProcessMemory or WriteProcessMemory request was completed. (0x12B)
[0928/092203.015:ERROR:process_memory_win.cc(73)] ReadMemory at 0x1997a365fd0 of 512 bytes failed: Only part of a ReadProcessMemory or WriteProcessMemory request was completed. (0x12B)
[0928/092203.015:ERROR:process_memory_win.cc(73)] ReadMemory at 0x1997a368b50 of 512 bytes failed: Only part of a ReadProcessMemory or WriteProcessMemory request was completed. (0x12B)
[0928/092203.015:ERROR:process_memory_win.cc(73)] ReadMemory at 0x1997a370570 of 736 bytes failed: Only part of a ReadProcessMemory or WriteProcessMemory request was completed. (0x12B)
[0928/092203.015:ERROR:process_memory_win.cc(73)] ReadMemory at 0x1997a39aef0 of 512 bytes failed: Only part of a ReadProcessMemory or WriteProcessMemory request was completed. (0x12B)
[0928/092203.015:ERROR:process_memory_win.cc(73)] ReadMemory at 0x1997a3a1f62 of 722 bytes failed: Only part of a ReadProcessMemory or WriteProcessMemory request was completed. (0x12B)
[0928/092203.015:ERROR:process_memory_win.cc(73)] ReadMemory at 0x1997a3ba7a0 of 512 bytes failed: Only part of a ReadProcessMemory or WriteProcessMemory request was completed. (0x12B)
[0928/092203.015:ERROR:process_memory_win.cc(73)] ReadMemory at 0x7ffe4dae6cd0 of 512 bytes failed: Only part of a ReadProcessMemory or WriteProcessMemory request was completed. (0x12B)
[0928/092203.015:ERROR:process_memory_win.cc(73)] ReadMemory at 0x7ffe4e57e110 of 512 bytes failed: Only part of a ReadProcessMemory or WriteProcessMemory request was completed. (0x12B)
[0928/092203.015:ERROR:process_memory_win.cc(73)] ReadMemory at 0x7ffe5519b847 of 512 bytes failed: Only part of a ReadProcessMemory or WriteProcessMemory request was completed. (0x12B)
[0928/092203.015:ERROR:process_memory_win.cc(73)] ReadMemory at 0x7ffe563c9f50 of 512 bytes failed: Only part of a ReadProcessMemory or WriteProcessMemory request was completed. (0x12B)
[0928/092203.015:ERROR:process_memory_win.cc(73)] ReadMemory at 0x7ffe83d03aa9 of 512 bytes failed: Only part of a ReadProcessMemory or WriteProcessMemory request was completed. (0x12B)
[0928/092203.015:ERROR:process_memory_win.cc(73)] ReadMemory at 0x7ffe83f2d700 of 512 bytes failed: Only part of a ReadProcessMemory or WriteProcessMemory request was completed. (0x12B)
[0928/092203.015:ERROR:process_memory_win.cc(73)] ReadMemory at 0x7ffe85e81f80 of 512 bytes failed: Only part of a ReadProcessMemory or WriteProcessMemory request was completed. (0x12B)
[0928/092203.015:ERROR:process_memory_win.cc(73)] ReadMemory at 0x7ffe8617c3bf of 512 bytes failed: Only part of a ReadProcessMemory or WriteProcessMemory request was completed. (0x12B)
[0928/092203.015:ERROR:process_memory_win.cc(73)] ReadMemory at 0x7ffe861dc074 of 672 bytes failed: Only part of a ReadProcessMemory or WriteProcessMemory request was completed. (0x12B)
[0928/092203.015:ERROR:process_memory_win.cc(73)] ReadMemory at 0x7ffe861dc674 of 512 bytes failed: Only part of a ReadProcessMemory or WriteProcessMemory request was completed. (0x12B)
[0928/092203.015:ERROR:process_memory_win.cc(73)] ReadMemory at 0x7ffe861df344 of 512 bytes failed: Only part of a ReadProcessMemory or WriteProcessMemory request was completed. (0x12B)
[0928/092203.015:ERROR:process_memory_win.cc(73)] ReadMemory at 0x7ffe861df924 of 608 bytes failed: Only part of a ReadProcessMemory or WriteProcessMemory request was completed. (0x12B)
[0928/092203.015:ERROR:process_memory_win.cc(73)] ReadMemory at 0x7ffe8626c428 of 18 bytes failed: Only part of a ReadProcessMemory or WriteProcessMemory request was completed. (0x12B)
[0928/092203.015:ERROR:process_memory_win.cc(73)] ReadMemory at 0x7ffe8629f4f8 of 40 bytes failed: Only part of a ReadProcessMemory or WriteProcessMemory request was completed. (0x12B)
[0928/092203.015:ERROR:process_memory_win.cc(73)] ReadMemory at 0x7ffe8629f978 of 48 bytes failed: Only part of a ReadProcessMemory or WriteProcessMemory request was completed. (0x12B)
[0928/092203.015:ERROR:process_memory_win.cc(73)] ReadMemory at 0x7ffe862a53c0 of 64 bytes failed: Only part of a ReadProcessMemory or WriteProcessMemory request was completed. (0x12B)
[0928/092203.027:ERROR:scoped_process_suspend.cc(40)] NtResumeProcess: An attempt was made to access an exiting process. (0xc000010a)
